<?xml version="1.0" encoding="UTF-8"?>
<!-- Generated by org.testng.reporters.JUnitReportReporter -->
<testsuite skipped="0" hostname="Rifats-MBP-2" name="com.myrunner.MyRunner" tests="2" failures="0" timestamp="30 Jul 2022 23:11:17 GMT" time="9.871" errors="0">
  <testcase name="feature" time="7.507" classname="com.myrunner.MyRunner"/>
  <testcase name="feature" time="2.364" classname="com.myrunner.MyRunner"/>
</testsuite> <!-- com.myrunner.MyRunner -->
