<?xml version="1.0" encoding="UTF-8"?>
<!-- Generated by org.testng.reporters.JUnitReportReporter -->
<testsuite skipped="0" hostname="Rifats-MBP-2" name="com.myrunner.MyRunner" tests="1" failures="0" timestamp="04 Aug 2022 01:01:01 GMT" time="23.542" errors="0">
  <testcase name="feature" time="23.542" classname="com.myrunner.MyRunner"/>
</testsuite> <!-- com.myrunner.MyRunner -->
